2024-09-18 10:36:13,218 - INFO - Browser Initiated
2024-09-18 10:36:24,899 - INFO - Login Successful
2024-09-18 10:37:22,949 - INFO - Auto Generated Incident Report for Sales Central:

New Count: 2
Assigned Count: 1
Inprogress Count: 2
Pending Count: 19


Pending Incidents in Sales Central:
854264         |Vendor dependency   
854245         |Vendor dependency   
854229         |Vendor dependency   
854221         |Pending with user   
854186         |Pending with user   
854145         |Vendor dependency   
854107         |Pending with SFDC team
854097         |Pending with user   
854091         |Waiting for Approval
854028         |Pending with user   
853999         |Pending with user   
853899         |Pending with user   
853864         |Pending with user   
853780         |Pending with user   
853772         |Vendor dependency   
853665         |Pending with user   
853555         |Waiting for Approval
853458         |Waiting for Approval
852704         |Vendor dependency   


Auto Generated Incident Report for OPS Central:

New Count: 0
Assigned Count: 0
Inprogress Count: 0
Pending Count: 1


Pending Incidents in OPS Central:
854121         |Pending with user   

2024-09-18 10:37:26,214 - INFO - Emails sent successfully!
2024-09-18 10:37:27,357 - INFO - LOGGING OUT
