2024-10-16 09:57:31,834 - INFO - Browser Initiated
2024-10-16 09:57:57,992 - INFO - Login Successful
2024-10-16 09:59:24,503 - INFO - Auto Generated Incident Report for Sales Central:

New Count: 1
Assigned Count: 0
Inprogress Count: 2
Pending Count: 20



Auto Generated Incident Report for OPS Central:

New Count: 0
Assigned Count: 0
Inprogress Count: 0
Pending Count: 0



Auto Generated Incident Report for Partner Central:

New Count: 0
Assigned Count: 0
Inprogress Count: 0
Pending Count: 4


Regards,
Elumalai.P
Production Support Engineer
Piramal Capital & Housing Finance
E: elumalai.p2@piramal.com
2024-10-16 09:59:31,208 - INFO - Emails sent successfully!
2024-10-16 09:59:40,756 - INFO - LOGGING OUT
2024-10-16 10:49:08,859 - INFO - Browser Initiated
2024-10-16 10:49:29,024 - INFO - Login Successful
2024-10-16 10:50:55,029 - INFO - Auto Generated Incident Report for Sales Central:

New Count: 13
Assigned Count: 1
Inprogress Count: 4
Pending Count: 18



Auto Generated Incident Report for OPS Central:

New Count: 0
Assigned Count: 0
Inprogress Count: 0
Pending Count: 0



Auto Generated Incident Report for Partner Central:

New Count: 0
Assigned Count: 0
Inprogress Count: 0
Pending Count: 4


Regards,
Elumalai.P
Production Support Engineer
Piramal Capital & Housing Finance
E: elumalai.p2@piramal.com
2024-10-16 10:51:02,107 - INFO - Emails sent successfully!
2024-10-16 10:51:06,213 - INFO - LOGGING OUT
