2024-10-15 08:01:32,379 - INFO - Browser Initiated
2024-10-15 08:02:35,353 - INFO - Login Successful
2024-10-15 08:03:48,992 - INFO - Auto Generated Incident Report for Sales Central:

New Count: 1
Assigned Count: 0
Inprogress Count: 0
Pending Count: 20



Auto Generated Incident Report for OPS Central:

New Count: 0
Assigned Count: 0
Inprogress Count: 0
Pending Count: 2



Auto Generated Incident Report for Partner Central:

New Count: 0
Assigned Count: 0
Inprogress Count: 0
Pending Count: 1


Regards,
Elumalai.P
Production Support Engineer
Piramal Capital & Housing Finance
E: elumalai.p2@piramal.com
2024-10-15 08:03:54,102 - INFO - LOGGING OUT
