2024-10-15 10:02:41,972 - INFO - Browser Initiated
2024-10-15 10:02:53,168 - INFO - Login Successful
2024-10-15 10:04:05,176 - INFO - Auto Generated Incident Report for Sales Central:

New Count: 0
Assigned Count: 0
Inprogress Count: 2
Pending Count: 17



Auto Generated Incident Report for OPS Central:

New Count: 0
Assigned Count: 0
Inprogress Count: 0
Pending Count: 2



Auto Generated Incident Report for Partner Central:

New Count: 0
Assigned Count: 0
Inprogress Count: 0
Pending Count: 1


Regards,
Elumalai.P
Production Support Engineer
Piramal Capital & Housing Finance
E: elumalai.p2@piramal.com
2024-10-15 10:04:11,280 - INFO - Emails sent successfully!
2024-10-15 10:04:12,487 - INFO - LOGGING OUT
2024-10-15 13:02:02,927 - INFO - Browser Initiated
2024-10-15 13:03:44,538 - INFO - Login Successful
2024-10-15 13:04:52,096 - INFO - Auto Generated Incident Report for Sales Central:

New Count: 7
Assigned Count: 0
Inprogress Count: 6
Pending Count: 44



Auto Generated Incident Report for OPS Central:

New Count: 1
Assigned Count: 0
Inprogress Count: 0
Pending Count: 3



Auto Generated Incident Report for Partner Central:

New Count: 1
Assigned Count: 0
Inprogress Count: 1
Pending Count: 5


Regards,
Elumalai.P
Production Support Engineer
Piramal Capital & Housing Finance
E: elumalai.p2@piramal.com
2024-10-15 13:04:58,510 - INFO - Emails sent successfully!
2024-10-15 13:05:00,181 - INFO - LOGGING OUT
