2024-09-18 09:00:23,516 - INFO - Browser Initiated
2024-09-18 09:01:00,787 - INFO - Login Successful
2024-09-18 09:02:13,440 - INFO - Auto Generated Incident Report for Sales Central:

New Count: 0
Assigned Count: 0
Inprogress Count: 0
Pending Count: 0


Pending Incidents in Sales Central:
854186         |Pending with user   
854145         |Vendor dependency   
854120         |Pending with user   
854107         |Pending with SFDC team
854097         |Pending with user   
854091         |Waiting for Approval
854028         |Pending with user   
853999         |Pending with user   
853931         |Vendor dependency   
853899         |Pending with user   
853864         |Pending with user   
853780         |Pending with user   
853772         |Vendor dependency   
853665         |Pending with user   
853555         |Waiting for Approval
853458         |Waiting for Approval
852704         |Vendor dependency   


Auto Generated Incident Report for OPS Central:

New Count: 0
Assigned Count: 0
Inprogress Count: 0
Pending Count: 0


Pending Incidents in OPS Central:
854121         |Pending with user   

2024-09-18 09:02:19,271 - INFO - Emails sent successfully!
2024-09-18 09:02:20,807 - INFO - LOGGING OUT
