2024-10-15 09:57:04,266 - INFO - Browser Initiated
2024-10-15 09:57:15,097 - INFO - Login Successful
2024-10-15 09:59:34,094 - INFO - Auto Generated Incident Report for Sales Central:

New Count: 0
Assigned Count: 0
Inprogress Count: 0
Pending Count: 0



Auto Generated Incident Report for OPS Central:

New Count: 0
Assigned Count: 0
Inprogress Count: 0
Pending Count: 0



Auto Generated Incident Report for Partner Central:

New Count: 0
Assigned Count: 0
Inprogress Count: 0
Pending Count: 0


Regards,
Elumalai.P
Production Support Engineer
Piramal Capital & Housing Finance
E: elumalai.p2@piramal.com
2024-10-15 09:59:40,221 - INFO - Emails sent successfully!
2024-10-15 09:59:41,794 - INFO - LOGGING OUT
