2024-09-18 14:59:35,846 - INFO - Browser Initiated
2024-09-18 14:59:53,441 - INFO - Login Successful
2024-09-18 15:01:25,391 - INFO - Auto Generated Incident Report for Sales Central:

New Count: 6
Assigned Count: 1
Inprogress Count: 7
Pending Count: 30


Pending Incidents in Sales Central:
854805         |Vendor dependency   
854792         |Vendor dependency   
854790         |Vendor dependency   
854771         |Pending with user   
854716         |Vendor dependency   
854703         |Vendor dependency   
854697         |Vendor dependency   
854696         |Vendor dependency   
854685         |Vendor dependency   
854680         |Vendor dependency   
854676         |Vendor dependency   
854671         |Vendor dependency   
854670         |Vendor dependency   
854472         |Vendor dependency   
854444         |Pending with user   
854325         |Pending with user   
854186         |Pending with user   
854145         |Vendor dependency   
854107         |Pending with SFDC team
854097         |Pending with user   
854091         |Waiting for Approval
854077         |Vendor dependency   
854028         |Pending with user   
853999         |Pending with user   
853899         |Pending with user   
853864         |Pending with user   
853780         |Pending with user   
853665         |Pending with user   
853555         |Waiting for Approval
852704         |Vendor dependency   


Auto Generated Incident Report for OPS Central:

New Count: 0
Assigned Count: 0
Inprogress Count: 0
Pending Count: 0


Pending Incidents in OPS Central:
No pending incidents found.

2024-09-18 15:01:31,640 - INFO - Emails sent successfully!
2024-09-18 15:01:34,171 - INFO - LOGGING OUT
