2024-09-18 11:59:35,793 - INFO - Browser Initiated
2024-09-18 11:59:54,186 - INFO - Login Successful
2024-09-18 12:01:24,037 - INFO - Auto Generated Incident Report for Sales Central:

New Count: 4
Assigned Count: 1
Inprogress Count: 4
Pending Count: 32


Pending Incidents in Sales Central:
854484         |Vendor dependency   
854483         |Vendor dependency   
854475         |Vendor dependency   
854471         |Vendor dependency   
854469         |Vendor dependency   
854465         |Vendor dependency   
854450         |Vendor dependency   
854447         |Vendor dependency   
854441         |Vendor dependency   
854409         |Vendor dependency   
854377         |Vendor dependency   
854376         |Vendor dependency   
854362         |Vendor dependency   
854357         |Vendor dependency   
854325         |Pending with user   
854264         |Vendor dependency   
854245         |Vendor dependency   
854229         |Vendor dependency   
854186         |Pending with user   
854145         |Vendor dependency   
854107         |Pending with SFDC team
854097         |Pending with user   
854091         |Waiting for Approval
854077         |Vendor dependency   
853999         |Pending with user   
853899         |Pending with user   
853864         |Pending with user   
853780         |Pending with user   
853665         |Pending with user   
853555         |Waiting for Approval
853458         |Waiting for Approval
852704         |Vendor dependency   


Auto Generated Incident Report for OPS Central:

New Count: 0
Assigned Count: 0
Inprogress Count: 0
Pending Count: 1


Pending Incidents in OPS Central:
854121         |Pending with user   

2024-09-18 12:01:30,374 - INFO - Emails sent successfully!
2024-09-18 12:01:33,778 - INFO - LOGGING OUT
