2024-09-18 09:06:09,873 - INFO - Browser Initiated
2024-09-18 09:06:24,307 - INFO - Login Successful
2024-09-18 09:07:26,015 - INFO - Auto Generated Incident Report for Sales Central:

New Count: 0
Assigned Count: 0
Inprogress Count: 1
Pending Count: 17


Pending Incidents in Sales Central:
854186         |Pending with user   
854145         |Vendor dependency   
854120         |Pending with user   
854107         |Pending with SFDC team
854097         |Pending with user   
854091         |Waiting for Approval
854028         |Pending with user   
853999         |Pending with user   
853931         |Vendor dependency   
853899         |Pending with user   
853864         |Pending with user   
853780         |Pending with user   
853772         |Vendor dependency   
853665         |Pending with user   
853555         |Waiting for Approval
853458         |Waiting for Approval
852704         |Vendor dependency   


Auto Generated Incident Report for OPS Central:

New Count: 0
Assigned Count: 0
Inprogress Count: 0
Pending Count: 1


Pending Incidents in OPS Central:
854121         |Pending with user   

2024-09-18 09:07:27,423 - INFO - LOGGING OUT
2024-09-18 10:04:58,771 - INFO - Browser Initiated
2024-09-18 10:05:14,635 - INFO - Login Successful
2024-09-18 10:06:13,298 - INFO - Auto Generated Incident Report for Sales Central:

New Count: 1
Assigned Count: 0
Inprogress Count: 3
Pending Count: 15


Pending Incidents in Sales Central:
854186         |Pending with user   
854145         |Vendor dependency   
854107         |Pending with SFDC team
854097         |Pending with user   
854091         |Waiting for Approval
854028         |Pending with user   
853999         |Pending with user   
853899         |Pending with user   
853864         |Pending with user   
853780         |Pending with user   
853772         |Vendor dependency   
853665         |Pending with user   
853555         |Waiting for Approval
853458         |Waiting for Approval
852704         |Vendor dependency   


Auto Generated Incident Report for OPS Central:

New Count: 0
Assigned Count: 0
Inprogress Count: 0
Pending Count: 1


Pending Incidents in OPS Central:
854121         |Pending with user   

2024-09-18 10:06:14,627 - INFO - LOGGING OUT
2024-09-18 10:16:01,976 - INFO - Browser Initiated
2024-09-18 10:16:12,638 - INFO - Login Successful
2024-09-18 10:17:09,080 - INFO - Auto Generated Incident Report for Sales Central:

New Count: 0
Assigned Count: 1
Inprogress Count: 4
Pending Count: 15


Pending Incidents in Sales Central:
854186         |Pending with user   
854145         |Vendor dependency   
854107         |Pending with SFDC team
854097         |Pending with user   
854091         |Waiting for Approval
854028         |Pending with user   
853999         |Pending with user   
853899         |Pending with user   
853864         |Pending with user   
853780         |Pending with user   
853772         |Vendor dependency   
853665         |Pending with user   
853555         |Waiting for Approval
853458         |Waiting for Approval
852704         |Vendor dependency   


Auto Generated Incident Report for OPS Central:

New Count: 0
Assigned Count: 0
Inprogress Count: 0
Pending Count: 1


Pending Incidents in OPS Central:
854121         |Pending with user   

2024-09-18 10:17:12,761 - INFO - Emails sent successfully!
2024-09-18 10:17:13,655 - INFO - LOGGING OUT
