2024-10-14 21:20:50,579 - INFO - Browser Initiated
2024-10-14 21:21:05,935 - INFO - Login Successful
2024-10-14 21:21:44,430 - INFO - Browser Initiated
2024-10-14 21:21:46,554 - INFO - Login Successful
2024-10-14 21:23:06,774 - INFO - Browser Initiated
2024-10-14 21:23:19,017 - INFO - Login Successful
2024-10-14 21:23:48,937 - INFO - Auto Generated Incident Report for Sales Central:

New Count: 0
Assigned Count: 0
Inprogress Count: 0
Pending Count: 21




Auto Generated Incident Report for OPS Central:

New Count: 0
Assigned Count: 0
Inprogress Count: 1
Pending Count: 1



2024-10-14 21:23:49,883 - INFO - LOGGING OUT
2024-10-14 21:24:20,153 - INFO - Browser Initiated
2024-10-14 21:24:30,658 - INFO - Login Successful
2024-10-14 21:24:34,545 - INFO - LOGGING OUT
2024-10-14 21:24:53,110 - INFO - Browser Initiated
2024-10-14 21:25:01,587 - INFO - Login Successful
2024-10-14 21:25:29,201 - INFO - Auto Generated Incident Report for Sales Central:

New Count: 0
Assigned Count: 0
Inprogress Count: 0
Pending Count: 21




Auto Generated Incident Report for OPS Central:

New Count: 0
Assigned Count: 0
Inprogress Count: 1
Pending Count: 1



2024-10-14 21:25:36,210 - INFO - Emails sent successfully!
2024-10-14 21:25:37,058 - INFO - LOGGING OUT
2024-10-14 21:37:54,549 - INFO - Browser Initiated
2024-10-14 21:38:03,840 - INFO - Login Successful
2024-10-14 21:39:08,305 - INFO - Auto Generated Incident Report for Sales Central:

New Count: 0
Assigned Count: 0
Inprogress Count: 0
Pending Count: 21




Auto Generated Incident Report for OPS Central:

New Count: 0
Assigned Count: 0
Inprogress Count: 1
Pending Count: 1



2024-10-14 21:39:09,768 - INFO - LOGGING OUT
2024-10-14 21:41:57,548 - INFO - Browser Initiated
2024-10-14 21:42:07,914 - INFO - Login Successful
2024-10-14 21:43:10,343 - INFO - Auto Generated Incident Report for Sales Central:

New Count: 0
Assigned Count: 0
Inprogress Count: 0
Pending Count: 21




Auto Generated Incident Report for OPS Central:

New Count: 0
Assigned Count: 0
Inprogress Count: 1
Pending Count: 1



2024-10-14 21:43:11,164 - INFO - LOGGING OUT
2024-10-14 21:43:49,246 - INFO - Browser Initiated
2024-10-14 21:43:58,183 - INFO - Login Successful
2024-10-14 21:44:59,361 - INFO - Auto Generated Incident Report for Sales Central:

New Count: 0
Assigned Count: 0
Inprogress Count: 0
Pending Count: 21




Auto Generated Incident Report for OPS Central:

New Count: 0
Assigned Count: 0
Inprogress Count: 1
Pending Count: 1




Auto Generated Incident Report for Partner Central:

New Count: 0
Assigned Count: 0
Inprogress Count: 0
Pending Count: 1



2024-10-14 21:45:00,328 - INFO - LOGGING OUT
2024-10-14 21:49:45,132 - INFO - Browser Initiated
2024-10-14 22:02:20,050 - INFO - Browser Initiated
2024-10-14 22:02:29,975 - INFO - Login Successful
2024-10-14 22:03:42,632 - INFO - Auto Generated Incident Report for Sales Central:

New Count: 0
Assigned Count: 0
Inprogress Count: 0
Pending Count: 21



Auto Generated Incident Report for OPS Central:

New Count: 0
Assigned Count: 0
Inprogress Count: 0
Pending Count: 2



Auto Generated Incident Report for Partner Central:

New Count: 0
Assigned Count: 0
Inprogress Count: 0
Pending Count: 1



                    Regards,
                    Elumalai.P
                    Production Support Engineer 
                    Piramal Capital & Housing Finance 
                    E:  elumalai.p2@piramal.com
2024-10-14 22:03:43,486 - INFO - LOGGING OUT
2024-10-14 22:05:04,398 - INFO - Browser Initiated
2024-10-14 22:05:16,686 - INFO - Login Successful
2024-10-14 22:06:35,105 - INFO - Auto Generated Incident Report for Sales Central:

New Count: 0
Assigned Count: 0
Inprogress Count: 0
Pending Count: 21



Auto Generated Incident Report for OPS Central:

New Count: 0
Assigned Count: 0
Inprogress Count: 0
Pending Count: 2



Auto Generated Incident Report for Partner Central:

New Count: 0
Assigned Count: 0
Inprogress Count: 0
Pending Count: 1




Regards,
Elumalai.P
Production Support Engineer
Piramal Capital & Housing Finance
E: elumalai.p2@piramal.com
2024-10-14 22:06:36,373 - INFO - LOGGING OUT
2024-10-14 22:07:25,075 - INFO - Browser Initiated
2024-10-14 22:07:34,679 - INFO - Login Successful
2024-10-14 22:08:44,956 - INFO - Auto Generated Incident Report for Sales Central:

New Count: 0
Assigned Count: 0
Inprogress Count: 0
Pending Count: 21



Auto Generated Incident Report for OPS Central:

New Count: 0
Assigned Count: 0
Inprogress Count: 0
Pending Count: 2



Auto Generated Incident Report for Partner Central:

New Count: 0
Assigned Count: 0
Inprogress Count: 0
Pending Count: 1



Regards,
Elumalai.P
Production Support Engineer
Piramal Capital & Housing Finance
E: elumalai.p2@piramal.com
2024-10-14 22:08:50,925 - INFO - Emails sent successfully!
2024-10-14 22:08:51,814 - INFO - LOGGING OUT
